0 info it worked if it ends with ok
1 verbose cli [ 'node', '/usr/local/bin/npm', 'publish' ]
2 info using npm@3.5.2
3 info using node@v0.12.7
4 verbose publish [ '.' ]
5 silly cache add args [ '.', null ]
6 verbose cache add spec .
7 silly cache add parsed spec { raw: '.',
7 silly cache add   scope: null,
7 silly cache add   name: null,
7 silly cache add   rawSpec: '.',
7 silly cache add   spec: '/Users/mtn/Documents/projects/SideProj/interactivekill',
7 silly cache add   type: 'directory' }
8 verbose addLocalDirectory /Users/mtn/.npm/ikill/0.1.1/package.tgz not in flight; packing
9 info lifecycle ikill@0.1.1~prepublish: ikill@0.1.1
10 silly lifecycle ikill@0.1.1~prepublish: no script for prepublish, continuing
11 verbose tar pack [ '/Users/mtn/.npm/ikill/0.1.1/package.tgz',
11 verbose tar pack   '/Users/mtn/Documents/projects/SideProj/interactivekill' ]
12 verbose tarball /Users/mtn/.npm/ikill/0.1.1/package.tgz
13 verbose folder /Users/mtn/Documents/projects/SideProj/interactivekill
14 verbose addLocalTarball adding from inside cache /Users/mtn/.npm/ikill/0.1.1/package.tgz
15 silly cache afterAdd ikill@0.1.1
16 verbose afterAdd /Users/mtn/.npm/ikill/0.1.1/package/package.json not in flight; writing
17 verbose afterAdd /Users/mtn/.npm/ikill/0.1.1/package/package.json written
18 silly publish { name: 'ikill',
18 silly publish   description: 'A kill plugin which you can interact',
18 silly publish   version: '0.1.1',
18 silly publish   homepage: 'https://github.com/0xmtn/interactivekill',
18 silly publish   author: { name: 'Metin Emenullahi', email: 'metin@mtndesign.net' },
18 silly publish   repository:
18 silly publish    { type: 'git',
18 silly publish      url: 'git+https://github.com/0xmtn/interactivekill.git' },
18 silly publish   bugs: { url: 'https://github.com/0xmtn/interactivekill/issues' },
18 silly publish   licenses:
18 silly publish    [ { type: 'MIT',
18 silly publish        url: 'https://github.com/0xmtn/interactivekill/blob/master/LICENSE-MIT' } ],
18 silly publish   main: 'lib/ikill',
18 silly publish   engines: { node: '>= 0.8.0' },
18 silly publish   scripts: { test: 'grunt nodeunit' },
18 silly publish   devDependencies:
18 silly publish    { 'grunt-contrib-jshint': '~0.6.4',
18 silly publish      'grunt-contrib-nodeunit': '~0.2.0',
18 silly publish      'grunt-contrib-watch': '~0.5.3',
18 silly publish      grunt: '~0.4.5' },
18 silly publish   keywords: [],
18 silly publish   preferGlobal: 'true',
18 silly publish   bin: { ikill: 'lib/ikill.js' },
18 silly publish   dependencies: { readline: '^1.3.0' },
18 silly publish   readme: '# interactivekill\n\nAn interactive kill plugin\n\n## Getting Started\nInstall the module with: `npm install ikill`\n\n```shell\nbash-3.2$ ikill nodemon\n1. 5107 | mtn              5107   0.7  0.4  3061656  34828 s004  S+   11:40AM   0:00.32 node /usr/local/bin/nodemon app.js\n2. 4644 | mtn              4644   0.2  0.5  3061732  43240 s005  S+   11:35AM   0:01.38 node /usr/local/bin/nodemon server.js\nPlease type the id of a process you want to kill: 1\nProcess killed successfully\nbash-3.2$ exit\nexit\n```\n\n## Documentation\n\n## Examples\n_(Coming soon)_\n\n## Contributing\n_(Coming soon)_\n\n##Authors\nDeveloped by [Metin Emenullahi](https://github.com/0xmtn/)\n\n## License\nCopyright (c) 2015 [Metin Emenullahi](https://github.com/0xmtn/) \nLicensed under the MIT license.\n',
18 silly publish   readmeFilename: 'README.md',
18 silly publish   gitHead: 'a0ad54fefbfdcda1f13f3fc2d321bcee8ea82a20',
18 silly publish   _id: 'ikill@0.1.1',
18 silly publish   _shasum: '0e2013477c5acb8dbfc02d4c10bc55588096f57a',
18 silly publish   _from: '.' }
19 verbose getPublishConfig undefined
20 silly mapToRegistry name ikill
21 silly mapToRegistry using default registry
22 silly mapToRegistry registry https://registry.npmjs.org/
23 silly mapToRegistry uri https://registry.npmjs.org/ikill
24 verbose publish registryBase https://registry.npmjs.org/
25 silly publish uploading /Users/mtn/.npm/ikill/0.1.1/package.tgz
26 verbose request uri https://registry.npmjs.org/ikill
27 verbose request sending authorization for write operation
28 info attempt registry request try #1 at 11:58:14 AM
29 verbose request using bearer token for auth
30 verbose request id 8f12248bc54ad916
31 http request PUT https://registry.npmjs.org/ikill
32 http 403 https://registry.npmjs.org/ikill
33 verbose headers { 'content-type': 'application/json',
33 verbose headers   'cache-control': 'max-age=300',
33 verbose headers   'content-length': '95',
33 verbose headers   'accept-ranges': 'bytes',
33 verbose headers   date: 'Wed, 30 Dec 2015 09:58:16 GMT',
33 verbose headers   via: '1.1 varnish',
33 verbose headers   connection: 'keep-alive',
33 verbose headers   'x-served-by': 'cache-fra1220-FRA',
33 verbose headers   'x-cache': 'MISS',
33 verbose headers   'x-cache-hits': '0',
33 verbose headers   'x-timer': 'S1451469495.139351,VS0,VE1046' }
34 verbose request invalidating /Users/mtn/.npm/registry.npmjs.org/ikill on PUT
35 error publish Failed PUT 403
36 verbose stack Error: "You cannot publish over the previously published version 0.1.1." : ikill
36 verbose stack     at makeError (/usr/local/lib/node_modules/npm/node_modules/npm-registry-client/lib/request.js:264:12)
36 verbose stack     at CachingRegistryClient.<anonymous> (/usr/local/lib/node_modules/npm/node_modules/npm-registry-client/lib/request.js:252:14)
36 verbose stack     at Request._callback (/usr/local/lib/node_modules/npm/node_modules/npm-registry-client/lib/request.js:172:14)
36 verbose stack     at Request.self.callback (/usr/local/lib/node_modules/npm/node_modules/request/request.js:198:22)
36 verbose stack     at Request.emit (events.js:110:17)
36 verbose stack     at Request.<anonymous> (/usr/local/lib/node_modules/npm/node_modules/request/request.js:1082:10)
36 verbose stack     at Request.emit (events.js:129:20)
36 verbose stack     at IncomingMessage.<anonymous> (/usr/local/lib/node_modules/npm/node_modules/request/request.js:1009:12)
36 verbose stack     at IncomingMessage.emit (events.js:129:20)
36 verbose stack     at _stream_readable.js:908:16
37 verbose statusCode 403
38 verbose pkgid ikill
39 verbose cwd /Users/mtn/Documents/projects/SideProj/interactivekill
40 error Darwin 14.5.0
41 error argv "node" "/usr/local/bin/npm" "publish"
42 error node v0.12.7
43 error npm  v3.5.2
44 error code E403
45 error "You cannot publish over the previously published version 0.1.1." : ikill
46 error If you need help, you may report this error at:
46 error     <https://github.com/npm/npm/issues>
47 verbose exit [ 1, true ]
